-0.283201
-0.088364
1.003446
0.298576
0.432464
0.625090
-0.107493
-0.283764
-0.338638
0.771619
0.735727
-0.749754
-0.553355
-0.123800
-0.327518
-0.061797
-1.262358
-0.904435
-0.634741
-0.112831
-0.302408
0.464428
0.395460
-0.180854
-0.955498
0.486024
0.062566
0.326542
0.900491
-1.178030
0.174092
-0.983990
-1.226387
-0.692234
-0.664225
0.153114
-0.919947
-0.021412
0.778534
0.149565
0.296534
-0.039356
0.720672
0.330986
-0.295470
-0.737011
-0.335939
0.356161
-0.379419
-0.483324
0.269326
-1.287703
0.382193
1.072676
0.110343
-0.369201
-0.323448
-1.716540
-0.539494
-0.552299
1.191814
-0.192869
-0.087381
-0.417276
1.140492
-0.576847
0.453689
-1.402643
-0.121681
-0.347138
0.217249
0.842447
-0.638579
0.127917
0.639782
0.688351
-0.317170
0.117156
-0.860561
-0.235034
0.742779
-0.332293
0.608260
-1.218185
0.190550
-0.982000
0.577359
-0.426629
-0.161641
-0.215389
-0.741886
-0.132546
0.825707
0.558842
-0.598594
0.475214
0.142088
-0.035968
0.582783
0.628459
0.044204
0.398054
-0.992845
0.251065
0.074108
0.326006
0.308669
0.381288
0.167197
1.064269
-0.895982
0.511413
0.972976
-0.178664
0.449643
-0.902107
0.409409
0.949637
0.136289
-0.279147
-0.549144
0.399449
-0.130900
-0.295331
0.940972
-0.294269
-0.704337
0.520599
