0.263214
-0.364916
0.603000
-0.147697
-0.078789
0.246330
-0.511757
0.381605
0.092885
-0.197645
-0.168186
-0.174373
-0.383961
-1.109733
0.324580
0.259989
0.815131
0.211720
1.035368
0.079101
0.108949
0.175460
-0.687477
-0.707887
0.053407
0.227143
-0.371396
0.191385
-0.412767
-0.282611
0.119634
-0.170457
-0.134638
-0.462241
0.130854
0.167483
0.324555
0.813636
0.328754
-0.286862
-0.375739
-0.289748
-0.772044
0.761799
-0.016909
-0.814994
0.452904
0.155385
-0.354174
-0.677393
0.162406
-0.223627
0.522167
-0.542600
0.386843
0.076710
-0.316190
0.688191
0.368278
0.522521
0.071900
-0.532582
0.250765
-0.025760
-0.178478
0.374694
0.038172
0.527887
0.262848
0.197345
-0.155679
0.085841
-0.277084
-0.381040
0.732295
-0.045962
-0.023007
-0.100966
-0.255039
0.277530
-0.342703
0.234168
-0.343270
-0.319210
0.088468
0.780963
0.555300
0.036390
0.500168
-0.777060
0.472946
-0.204675
-0.268578
0.002371
-0.200902
0.037394
0.965825
0.103241
0.182789
0.420923
0.167366
0.377914
-0.019269
0.145581
0.241489
0.168271
0.082238
-0.253536
0.089227
0.051265
0.341482
0.028186
-0.126530
0.434176
0.029411
-0.541656
0.112733
0.119917
0.033282
0.292141
-0.609736
0.382795
0.517501
0.222611
-0.562268
0.080503
0.104856
0.543103
0.218567
0.265478
-0.128489
0.218188
0.325076
0.451334
0.637244
0.790476
-0.598012
0.372639
0.036385
-0.413840
-0.011192
0.423045
-0.688850
-0.191132
-0.420567
0.381774
0.112777
-0.257701
0.627830
0.413381
-0.307659
0.374053
0.070271
0.415582
-0.636451
0.559852
-0.565601
-0.355827
0.345039
-0.798437
0.639616
0.451276
0.336473
-0.053085
-0.040441
0.646480
-0.117289
0.027326
-0.536391
-0.844626
-0.072332
-0.418264
-0.428541
0.129347
0.101814
-0.112722
-0.664987
-0.571399
0.494794
-0.724896
1.005040
-0.360029
0.206158
-0.984877
-0.417810
0.659776
0.407287
0.373579
0.005721
-0.467761
0.816489
0.384048
0.560587
-0.338407
-0.382207
0.749776
0.765087
0.002530
0.320066
-0.110876
0.503105
1.057954
-0.422039
0.152543
0.742359
-0.106773
-0.824935
0.192378
-0.376793
-0.326778
0.166254
-0.648896
0.178491
0.968581
-0.330654
0.083268
-0.243684
0.151313
0.848907
0.267603
0.701118
0.287209
-0.958711
0.370960
1.120385
-0.734323
-0.575547
0.857805
-0.364874
0.513007
0.648901
0.155195
0.566091
1.046788
-0.992196
-0.073746
0.197603
0.194012
0.434182
-0.078682
-0.592372
-0.196105
-0.846776
-0.175899
0.314109
0.016950
-0.165350
0.371281
0.072541
0.559843
-0.012680
0.659666
0.249084
0.159019
0.912313
0.445775
-0.147564
0.055086
0.472534
0.074765
-0.475838
0.002941
0.775978
0.612438
-1.145964
-0.406826
-0.366046
0.520993
-0.944587
0.043632
0.815144
-0.361005
-0.295695
0.697465
0.709407
-1.237818
-0.446167
-0.570595
-0.389460
0.809314
0.061234
0.726085
-0.997683
0.175290
0.836010
-1.056500
0.158556
-0.743555
-0.590189
0.038323
-0.069597
0.731165
0.234152
-0.081232
0.601954
-0.376407
-0.785377
0.357900
0.373759
-0.384726
0.670956
0.055663
0.730164
-0.097112
0.406050
-1.120282
0.497995
-0.882461
0.576124
-0.596510
-0.661105
-1.023643
0.432387
0.186679
0.931148
0.412686
-0.347908
0.124897
0.701956
0.083937
0.555610
0.228211
-0.877258
-0.251825
1.089308
1.241122
0.561180
0.500116
-0.262057
1.032186
0.071246
0.191577
1.022571
-0.338662
-0.675036
-0.195057
0.081869
-1.098086
0.702379
-1.569305
0.850867
0.598055
0.030533
0.264547
-0.085823
0.158868
0.520147
0.265991
1.000733
-0.575215
-0.065454
0.429724
0.310439
-0.626965
-0.041342
-0.240388
0.828463
0.133932
-0.708223
0.598140
-0.198225
0.478412
-1.069861
-0.626817
-0.936433
-0.052303
0.209970
-0.007932
0.686331
0.392799
-0.605976
-0.242886
-0.183622
0.862446
-0.912158
0.332261
0.009021
0.411080
-0.317508
-0.128451
0.148756
-0.395972
0.009514
0.748113
0.846778
-0.602347
0.356161
0.459823
0.156030
0.720315
0.767984
0.428987
-0.553686
-0.070525
0.073872
-0.560331
-0.511832
-0.164927
0.670186
0.625504
-0.112060
0.958011
0.384492
-1.108842
0.239671
0.145386
-0.408791
0.284705
-0.320647
0.487555
-0.222292
-0.185147
-0.013503
-0.708464
0.222587
-0.471109
-0.108070
0.163867
0.230400
0.121332
0.079726
0.018417
0.364265
-0.472374
-0.189474
-0.486686
0.076941
0.572024
0.431115
0.037110
0.095938
0.075558
-0.000529
-0.219468
0.053681
-0.156852
0.300866
-0.147707
0.592178
-0.028765
0.463099
-0.109802
0.235078
0.171022
0.214554
-0.614874
0.564917
-0.212251
-0.333402
0.265016
-0.001947
0.403226
-0.309837
-0.109134
-0.140866
0.507025
0.021419
0.640801
0.912996
-0.285504
-0.378238
-0.082265
-0.121123
0.359847
-0.299714
-0.151341
0.219826
-0.045727
-0.176805
0.765276
0.324800
-0.209612
0.553063
-0.502205
0.651484
-0.095457
-0.038141
-0.264819
0.034701
0.247358
-0.106523
0.177447
-0.550392
0.392876
-0.012852
0.098867
-0.118215
0.025414
-0.037239
-0.092513
-0.537277
0.405525
-0.137919
0.302874
0.307545
0.387040
0.141709
-0.345793
0.073475
0.045751
-0.446985
-0.460512
0.263098
0.323106
-0.198531
1.014335
0.367302
-0.277358
-0.322037
0.322496
0.428607
0.604804
0.375478
-0.359415
-0.305995
-0.433816
0.527567
0.309452
0.612526
0.986181
-0.270170
0.046298
0.811614
0.596741
-1.075792
0.050036
0.801058
0.551912
-0.798897
-0.036354
0.618332
-0.811897
0.294301
0.628579
-1.100689
0.361316
-1.051561
0.681013
0.401882
0.021404
0.949199
-0.324251
0.698972
-0.879099
0.210057
0.973606
0.690459
0.684661
1.298905
0.002892
-0.323628
0.073302
-0.765706
0.517407
-0.392008
-0.479028
0.831195
-1.215477
0.893456
0.838025
-0.270323
-1.219127
0.587796
0.460239
-0.149159
-1.293782
0.545607
0.344999
-0.617591
-0.345048
1.262367
-0.584852
0.840323
-0.737269
0.013166
0.663219
0.041672
0.651282
0.189515
-0.386884
1.212019
-0.119761
-1.046392
-0.457953
-0.901416
-0.437285
0.294959
-0.361104
-0.077791
0.993134
-0.846271
-0.025937
0.686958
0.615967
-0.601333
-1.390117
0.894777
0.746314
0.662986
-0.931528
-0.107794
-0.871259
1.291694
0.072063
-0.270476
0.182635
0.557068
0.230609
-0.156562
-0.350958
-0.824760
-0.334594
-0.317623
0.888619
-0.095917
-0.861607
-0.927435
0.835297
-0.059877
0.102366
-1.127079
0.315295
0.882340
0.773755
-0.369746
0.655817
-0.750709
0.715440
0.593640
-0.661537
-1.051356
-0.499994
-0.877402
0.418065
0.485556
1.058168
-0.206146
-0.263632
-0.320810
-0.041161
0.394257
-0.401683
0.044706
0.398983
0.227537
0.380820
0.496778
0.572409
0.091769
0.015282
-0.213521
-0.324497
-0.343969
-0.140835
0.503508
0.298496
0.185697
0.274593
0.623493
-0.502933
0.195086
-0.127242
-0.528319
0.802238
0.211081
0.581543
0.014830
0.089676
0.008458
-0.398235
0.320540
-0.546740
-0.011983
0.247904
-0.127928
-0.023749
1.013859
0.260290
-0.151071
-0.158476
0.121712
-0.454249
-0.133290
0.299235
-0.239135
-0.410207
0.337695
-0.139194
-0.146198
-0.417385
0.404118
-0.161872
0.602800
-0.422470
0.284906
0.422127
-0.167772
-0.154774
0.236185
0.153730
0.122244
-0.507964
0.351776
0.381767
0.475092
0.408178
-0.088517
0.517055
0.071530
-0.215413
-0.237925
0.477198
-0.247308
0.084073
0.574777
-0.184858
0.073584
0.489710
-0.734708
0.112029
-0.120687
-0.249513
-0.218699
-0.648708
-0.005999
0.224186
0.007079
-0.355866
-0.268613
-0.392951
0.600378
0.016483
0.065087
-0.676986
0.242911
0.041188
0.857212
-0.108447
0.059354
0.532833
0.320305
0.401688
0.112158
0.006800
0.697415
0.227458
-0.400489
0.716388
0.277124
0.152879
0.295534
0.337346
0.135064
-0.041501
0.020361
0.340847
-0.100687
-0.031650
-0.685232
0.679726
-0.377041
0.286214
-0.112942
0.611101
-0.710091
0.040544
0.134370
0.949153
0.336592
0.485967
0.381090
0.808589
0.656591
0.437559
-0.596815
-0.106801
-1.207841
-0.080005
0.133716
-0.899053
-0.900019
-0.885050
-0.560532
-0.359663
0.453110
-0.207463
0.802004
-1.491377
0.952959
-0.246749
-0.753383
-0.119694
-0.289094
-0.124053
-0.431975
-0.311468
-0.227085
0.613956
-0.546192
-0.620888
0.603614
0.763732
-0.601177
0.498058
0.840528
-0.351015
0.213150
-0.340648
0.277205
-0.988478
0.292269
-0.819742
0.856591
0.203108
0.010116
0.774418
0.612090
-0.617524
0.521657
0.478320
0.971164
0.640604
-0.337115
0.669291
0.086542
0.993278
0.483370
0.785761
0.708297
-0.820324
0.918155
-0.444805
0.477020
-0.272206
0.712613
0.399355
0.205127
0.020030
-0.131270
0.112181
0.237053
0.239310
0.097806
0.150344
0.398637
0.354244
0.346374
0.491478
-1.006339
-0.349959
-0.411295
-1.348480
-0.347500
0.343983
-0.654106
-0.478574
0.312431
-0.383353
0.522274
0.426962
0.721745
0.441980
-0.247180
-0.602980
0.262286
-0.369948
0.471520
0.972187
-1.013765
0.784581
0.981069
-0.325378
-0.432623
-0.005807
-0.002966
-0.444681
-1.129316
0.762014
-0.770351
0.544692
0.158865
0.421787
-0.612062
-0.236555
0.583708
0.332776
-0.597876
0.698178
-0.089859
0.849449
0.271202
0.289018
-0.616270
0.144218
0.700407
1.000224
-0.016211
-0.324224
0.256623
0.370697
0.163136
0.813673
0.800420
0.151173
0.331111
-0.479923
-0.347226
0.004701
-0.429603
-0.432118
-0.159845
-0.171898
-0.159082
-0.464444
0.901395
-0.214546
0.927257
-0.675698
-0.617232
-0.788845
-0.787260
-0.264301
-0.729661
-0.119734
0.430331
-0.131816
-0.868234
-0.437684
-0.751318
-0.656039
0.111087
0.434779
0.250131
0.343302
-0.693832
0.239556
-0.097908
-0.238749
-0.439808
0.004575
1.025289
0.293031
0.147039
-0.297930
-0.796089
-0.867529
-0.077184
-0.691190
0.436192
-0.826451
0.685472
-0.465692
-0.961299
0.049220
-0.107554
0.044596
0.359356
-0.314901
-0.020338
0.085340
0.061304
1.280895
0.626256
0.140056
0.078779
-0.201473
-0.115315
0.695530
-0.531091
-0.006044
0.234641
0.418050
-0.814331
0.866041
-0.354470
0.072253
0.370556
0.007483
-0.445370
-1.141915
0.535146
1.252635
0.584207
0.437582
1.011580
-1.266937
0.694791
0.444946
1.074862
-0.304738
-0.236659
0.423912
-0.497954
-0.074924
-0.263808
-0.260522
-0.500901
0.850358
-0.523917
-0.157769
-0.909900
-0.158143
-0.401000
1.066518
-0.611493
-0.111204
0.645079
0.556572
0.671863
0.172687
-0.913508
-0.893128
0.182303
-0.669687
-0.618099
0.006050
-0.222381
-0.565063
0.848820
0.381116
-1.172857
0.063975
0.487160
0.426214
0.576158
-0.231010
-0.097970
0.967915
0.160689
0.408572
0.176365
0.773878
0.198177
0.234561
0.237308
0.326215
-0.354516
-0.177374
0.186878
-0.061837
0.406655
-0.468525
0.611864
-0.963531
0.554662
0.325015
0.374523
0.578847
0.279034
0.100216
-0.475698
-0.368324
-0.098579
-0.788240
-0.252598
-0.281678
-0.178565
0.633608
-0.312862
-0.017904
1.338012
0.199876
-0.598671
-0.429056
-0.177408
0.095208
-0.085203
-0.033425
-0.385915
-0.838167
0.630750
-0.085923
-0.696924
-0.706316
0.617337
0.072020
0.338365
-0.181517
-0.174960
0.293509
0.161471
0.079039
-0.023953
0.403921
0.141212
-0.021600
0.673713
0.052354
-0.073692
0.206759
0.416259
-0.042826
0.139287
-0.030696
-0.733890
0.051908
-0.486940
0.160226
1.200784
-0.427724
-0.151487
0.885206
-0.427826
0.017858
-0.074433
-0.563733
0.921772
-0.253346
-0.065368
0.329484
-0.140975
0.126105
-0.224397
-0.904970
0.421223
-0.264911
0.071420
-0.226254
-0.196403
0.101589
0.867601
-0.240728
-0.426368
0.344137
0.405091
0.647658
0.428658
-0.707552
0.048703
0.634637
-0.654051
0.216060
0.520188
-0.136297
0.081318
0.083311
-0.729078
0.569880
-0.076014
0.372281
-0.048829
0.428146
-0.548010
0.875486
-0.277279
0.570842
0.573604
-0.079776
-0.806004
0.226773
0.520069
-0.059182
0.210960
-0.115309
0.199511
0.287403
0.331750
0.919196
0.050401
0.156572
-0.679381
-0.054120
-0.145281
-0.474711
-0.453624
-0.654133
-0.043178
-0.145253
0.241458
0.194696
0.332664
-0.072746
0.534107
0.074182
-0.742609
0.054452
-0.510111
0.477898
-0.081333
0.187290
-0.016837
-0.293909
-0.233099
-0.458429
-0.265909
0.299001
0.367286
0.131477
0.466035
0.163709
-0.109749
-0.183262
0.126438
0.154502
-0.544275
0.006649
0.160578
-0.143456
0.153339
0.098688
-0.403522
-0.404582
0.544222
0.023591
-0.037207
-0.383974
0.402573
0.059990
-0.026729
0.374811
0.089206
0.251939
0.211025
-0.150809
0.328086
0.029343
0.203314
-0.097353
0.229141
0.404323
0.287841
0.374171
-0.239092
0.295227
-0.116339
0.178872
0.618808
-0.196359
-0.118371
0.076064
-0.675565
0.289928
-0.352742
-0.388882
-0.066014
-0.410283
0.117727
0.330086
0.182823
-0.041504
0.420116
-0.580939
0.701214
-0.123068
0.181360
-0.011081
-0.208084
-0.010735
0.550351
0.010075
-0.383184
0.112926
-0.248446
0.017371
-0.012883
0.258258
-0.101980
0.146957
-0.659095
0.002303
-0.050136
0.514838
0.576148
0.465474
0.265200
0.407497
-0.260589
-0.332401
-0.029455
0.188821
0.051249
0.033530
-0.229198
0.384544
0.385516
0.186249
-0.552200
-0.156735
0.244711
0.178957
0.942842
-0.957950
0.841568
-0.174805
-0.975457
1.468709
0.480630
0.606220
-0.745733
0.229337
0.261519
-0.563080
-1.122061
-0.664458
-0.862161
0.814791
-0.015202
0.279614
0.593546
0.397334
0.044293
-1.028370
-1.367837
-0.394428
0.251831
0.493095
-0.226668
0.767104
0.018164
0.268837
-0.298593
-0.261933
0.105612
-0.470034
1.048921
0.644071
0.796661
0.547828
0.163931
0.122835
0.103878
0.403200
-0.801755
0.604183
-0.556644
-1.106224
-0.330114
0.431202
-0.155651
0.694222
0.457273
-0.623139
-0.335150
-1.367835
-0.101773
0.983243
0.943624
-0.674176
-0.440075
-0.378309
0.459993
-0.262777
0.233131
0.410843
0.378139
-0.665838
0.001466
0.428546
1.187480
-0.101852
0.424958
-0.391900
-0.113344
-0.086904
-0.096129
0.461365
-0.709738
-0.043916
-0.229015
-0.571770
0.512781
-1.054557
0.924681
-1.175466
-0.344195
-0.174016
-0.328493
0.052282
0.414426
0.365996
-0.235619
0.430570
0.670481
0.043187
-0.091730
-0.819151
0.952436
-0.513913
0.566913
-0.537019
-0.183989
0.685187
0.341544
0.228302
-0.546509
-0.462060
-0.741505
-0.348856
-1.272637
1.085865
-0.480720
0.451322
-0.355203
0.731192
-1.027309
0.707764
-0.346511
-0.720683
-1.021137
-0.097374
0.946249
0.776329
-0.544260
-0.327772
-0.391922
-0.431699
0.969236
1.316365
0.263214
-0.364916
0.603000
-0.147697
-0.078789
0.246330
-0.511757
0.381605
0.092885
-0.197645
-0.168186
-0.174373
-0.383961
-1.109733
0.324580
0.259989
0.815131
0.211720
1.035368
0.079101
0.108949
0.175460
-0.687477
-0.707887
0.053407
0.227143
-0.371396
0.191385
-0.412767
-0.282611
0.119634
-0.170457
-0.134638
-0.462241
0.130854
0.167483
0.324555
0.813636
0.328754
-0.286862
-0.375739
-0.289748
-0.772044
0.761799
-0.016909
-0.814994
0.452904
0.155385
-0.354174
-0.677393
0.162406
-0.223627
0.522167
-0.542600
0.386843
0.076710
-0.316190
0.688191
0.368278
0.522521
0.071900
-0.532582
0.250765
-0.025760
-0.178478
0.374694
0.038172
0.527887
0.262848
0.197345
-0.155679
0.085841
-0.277084
-0.381040
0.732295
-0.045962
-0.023007
-0.100966
-0.255039
0.277530
-0.342703
0.234168
-0.343270
-0.319210
0.088468
0.780963
0.555300
0.036390
0.500168
-0.777060
0.472946
-0.204675
-0.268578
0.002371
-0.200902
0.037394
0.965825
0.103241
0.182789
0.420923
0.167366
0.377914
-0.019269
0.145581
0.241489
0.168271
0.082238
-0.253536
0.089227
0.051265
0.341482
0.028186
-0.126530
0.434176
0.029411
-0.541656
0.112733
0.119917
0.033282
0.292141
-0.609736
0.382795
0.517501
0.222611
-0.562268
0.080503
0.104856
0.543103
0.918084
-0.076332
-0.706180
-0.516077
0.043984
1.179688
0.332008
-0.290293
-0.635128
0.604061
-0.130195
0.796580
0.177223
0.172469
0.181710
0.773940
-0.716126
0.345096
0.866416
-0.949078
-0.275474
-0.239493
0.331458
-0.816044
-0.964093
1.126156
-0.558408
0.609594
-0.383672
-1.005400
-0.879108
-1.398688
-0.491774
-0.058316
0.800060
0.642813
0.725774
-0.475057
0.913606
1.059189
-1.054361
0.898108
0.241791
0.341749
0.837469
-0.416105
1.152971
-0.438287
-0.245824
-0.330384
-0.423042
-0.194484
1.007380
-1.015357
0.349989
0.160797
0.628840
0.114328
1.345200
0.754421
-0.689661
0.505713
-0.164230
-0.066999
0.344791
-0.163253
0.476438
1.289411
-0.221266
0.437825
-0.660962
0.911926
-0.326168
0.649844
1.693549
-1.069013
0.423557
0.662790
-1.363910
0.693859
-1.145756
0.055765
-0.317776
-1.041524
-0.452894
0.482863
0.696734
0.439756
-0.674533
-0.441811
1.270241
-0.027274
-0.510560
-0.140058
-0.548794
-0.898901
0.233712
0.424911
-1.113594
0.469670
-0.617228
-0.080230
0.708657
0.084799
0.240539
0.736108
-0.669280
-0.622852
0.163463
-0.203503
0.426286
-0.243087
0.073518
-0.838072
-0.423985
0.214925
-0.390516
1.060467
-0.534273
0.198109
0.703007
-0.008911
0.988688
1.124194
-1.449551
-1.112628
-0.304692
1.542885
0.721084
-0.436965
0.045305
0.328240
-0.121983
0.445576
0.402881
0.562356
0.102886
-0.354274
-0.004821
0.367320
-0.328885
-0.350310
-0.141128
-0.164764
0.377249
0.315506
0.587241
-0.099108
-0.058725
0.211362
-0.403823
0.698760
0.091355
0.254135
-0.284017
0.433594
-0.164932
-0.242007
0.296341
-0.448131
-0.301267
0.315953
0.114951
0.511752
0.915588
0.556872
0.014952
-0.337489
0.189112
-0.215535
-0.162124
-0.047163
0.099760
-0.018580
0.700860
0.019202
-0.500884
-0.454237
0.013532
-0.338451
1.025260
0.064320
0.226063
0.617859
0.029579
0.149332
0.191660
0.298510
0.145969
-0.324317
-0.122284
-0.666152
0.245953
-0.195975
0.065451
0.446349
0.433164
0.555443
0.062864
0.640444
-0.618740
-0.136405
0.699256
0.160047
-0.047895
0.503590
-0.691232
0.364820
-0.426688
-0.864063
0.207799
-0.244181
0.002647
0.528202
0.159134
-0.037433
-0.078761
-0.636163
0.823264
-0.279730
0.162101
-0.766540
-0.258953
-0.347331
0.566654
0.148338
-0.159077
0.780807
0.341816
-0.063712
-0.658954
-0.291210
0.355494
0.536779
0.461387
0.310672
-0.183207
0.102692
0.135253
0.185037
0.379492
0.013633
-0.685601
-0.030215
-0.293653
0.309366
-0.550222
0.806947
-0.477833
0.119485
0.167727
0.227053
-0.724480
0.183336
0.412846
0.546145
0.725991
-0.312389
0.546869
-0.547856
0.244547
0.482340
0.372441
0.776228
-0.466183
0.014729
-0.570677
-0.590094
-0.450873
-0.790819
0.316722
0.226130
0.562533
0.354896
-0.169167
-0.075135
0.269532
0.736589
-0.118806
0.163092
-0.213096
0.017087
-0.544020
0.222039
-0.012145
-1.248997
-0.213766
0.355028
0.238940
0.076742
0.348735
-0.085363
0.782001
-0.223819
0.293643
-0.369339
-0.195565
0.190372
-0.450966
-0.011172
-0.356218
-0.158232
0.370625
0.455880
-0.816853
-0.556278
0.572270
-0.345078
0.200661
0.068855
0.549452
0.082530
0.007939
0.490246
0.764909
0.389844
0.108111
0.052877
0.416084
-0.031555
0.244658
-0.037331
-0.335832
-0.023485
0.336060
0.223006
-0.108258
0.258219
-0.420049
0.121681
0.765173
-0.220307
-0.045460
-0.143119
-0.557608
-0.218794
-0.087928
-0.322234
-0.053478
-0.437744
0.016439
0.970607
0.517221
0.244970
0.080445
-0.586559
0.773599
0.598650
-0.704279
-0.047425
0.078363
-0.435396
-0.113746
-0.430562
0.109422
0.679528
-0.025293
0.848600
-0.124020
0.350540
0.488556
0.368719
-0.240434
0.201250
-0.487539
0.117231
-0.510512
0.031077
-0.682846
-0.146303
-0.179588
-0.682976
-0.469115
-0.067738
-0.845194
0.907564
-0.060405
1.392809
0.083733
0.750651
-1.068998
-0.287127
-0.675949
0.336908
0.205473
-1.293506
-0.008740
0.654575
0.613930
-0.368594
0.872246
0.265443
-0.812609
0.255188
-0.216191
0.536319
-0.345269
-0.919908
0.746310
1.117476
-0.089323
-0.320280
0.562379
-0.849252
-0.392336
0.170955
-0.889793
-0.152460
0.478822
0.533356
-0.220962
-0.414887
0.580206
-0.430224
0.485355
-0.543340
-0.572392
0.899669
0.545387
0.166503
1.193176
0.161824
-0.518124
-0.563794
-0.679015
0.397284
-0.184577
-0.600184
0.933268
0.318866
-0.552933
-0.279193
-1.043934
-1.135032
0.568203
0.760473
0.014497
0.053304
0.223502
-0.654960
0.495259
-0.019057
0.755400
1.150947
-0.319284
0.155170
0.520843
-0.239850
0.345361
-0.017206
-0.794982
0.844943
0.449760
0.972105
0.207191
-0.264739
0.210052
-0.492024
1.365477
0.381188
0.010320
0.666424
-0.033081
0.832796
-0.255679
-1.080014
-0.688125
-0.770951
0.128374
-0.359575
0.180238
-0.006466
-0.070249
-1.447784
0.589115
0.704723
1.021232
-0.589568
-0.734228
0.376383
0.906532
0.497056
-0.792409
-0.455347
-0.841842
0.038738
-0.215957
-0.866247
-0.704743
0.034556
0.153210
-0.599138
-0.606063
-0.754351
0.497821
0.411727
0.033991
-0.434416
0.155023
-1.099444
-0.537576
0.394875
-0.798049
0.388266
0.407286
-0.345846
0.007593
-0.295323
-1.129537
0.015837
-0.187663
1.324799
-0.612347
-0.249585
0.439474
0.673457
0.187724
-0.204818
0.746495
-0.111036
-0.766726
-0.502382
0.626308
0.025455
-0.456073
-0.392507
0.611623
-0.521816
0.698845
0.540350
0.620315
-1.138732
0.768927
0.783221
0.005060
0.445071
-0.074067
0.714406
0.367032
0.891706
0.156670
-1.061460
0.668805
-1.152309
0.846446
-0.705589
-0.509246
0.362057
1.350715
0.887101
0.807600
-0.858247
-0.410324
0.509976
0.010863
-0.314102
1.042395
0.108769
1.000153
1.062241
-0.340806
-0.257876
0.706147
0.361704
-0.170558
-0.782873
-0.842494
-0.905554
0.458351
0.480963
0.287596
0.769174
1.104603
-0.078991
0.018596
-0.244340
-0.062881
0.604583
0.442634
0.431955
1.089143
-0.679977
-0.348158
0.499939
0.693975
0.062235
1.238590
0.806563
-0.243127
-0.627939
-0.394189
0.037192
0.189284
-0.240290
-0.450746
-1.447770
0.734618
0.200832
-0.576849
-0.793223
-0.198444
-0.289780
0.703985
0.492250
-0.587389
-0.466776
-0.188787
-0.613340
1.290860
-0.568387
0.063093
1.018297
-0.326854
0.700317
0.226214
0.544610
0.219279
-0.625228
0.567065
-0.011027
0.668301
0.407900
-0.558889
0.730384
-0.783039
-0.211613
0.132633
0.846926
-0.311876
-0.461097
-0.235980
-0.013674
0.737084
-0.737041
-0.187435
0.567221
0.109715
0.835942
0.046663
1.116385
-0.163653
-0.398175
0.858824
-0.209212
0.025387
0.916381
-0.475807
0.706453
0.318166
-0.061611
-0.959858
-0.885271
-1.049523
-1.174176
-0.266192
-0.393206
-0.327171
1.006938
0.051401
0.375428
0.818358
-0.749715
-1.518161
0.792380
-0.419938
1.376443
-0.693112
0.685688
-0.267873
0.445079
0.855895
-0.393196
-0.584005
0.093070
1.225863
0.921235
-0.325972
0.415307
-0.450737
-0.901245
-0.072722
-0.964408
0.688687
-0.385779
0.517507
-0.071458
1.118631
0.077739
-0.786762
-0.617524
-0.064324
0.065362
0.000303
-0.413171
0.683068
-0.887544
-0.392404
0.401277
-0.273338
-0.080406
1.047711
-0.919975
1.214966
0.843136
0.169047
-0.063266
0.443408
-0.174015
1.043885
0.713044
-0.100538
0.694796
-0.730055
0.731353
1.116021
0.872409
-0.040414
0.362042
-0.696674
0.798926
-0.880058
0.240139
0.652393
-0.403657
-0.196290
0.122135
1.038442
0.624808
0.248863
-0.245992
0.455272
-0.398668
1.066397
0.731088
-0.007207
0.257701
0.025304
-0.671317
-0.673212
1.019310
-0.668447
-0.293362
1.164067
0.845319
-0.154728
0.628289
-1.282261
-0.917502
0.515058
0.174982
-0.670591
0.635107
0.951641
0.721167
0.245104
0.423705
-0.301127
0.128868
-0.249512
0.492879
0.916891
0.246168
0.456085
0.419095
0.114218
0.552115
0.001195
1.162772
-0.422622
0.051089
-0.374372
0.664443
0.053736
0.609015
0.775584
0.413742
-0.239091
-0.510815
-0.449898
0.236246
-0.051982
-0.909657
0.120727
0.438577
0.661802
-0.047707
0.464697
-0.150504
1.101616
1.096776
-0.417765
-0.614328
-0.807380
-0.291324
-0.535163
0.628982
-0.784613
-0.466255
0.131308
-0.539430
-0.232369
0.154072
-1.026094
0.104516
-0.248365
-0.131845
-0.491841
0.584215
-0.849789
0.257013
0.006101
0.351581
0.631909
0.282213
1.016021
0.252639
-0.548114
-0.927313
-0.073062
0.557408
0.039938
0.179827
0.793796
-0.235663
-0.485542
0.793666
0.535258
0.186184
1.025565
-0.875874
0.226016
-0.300626
0.534137
-0.389817
0.241267
0.261068
0.460820
-0.059733
-0.366093
0.940383
-0.662837
0.794555
0.502111
-0.835459
-0.711215
-0.414807
-1.239840
-0.387080
0.222673
0.245657
0.355810
-0.703746
0.764431
0.796183
0.691727
-0.684950
0.328068
0.494050
1.128395
-0.842138
0.194552
-0.032247
0.114559
-0.373605
0.680354
-0.273591
0.608283
-0.118531
-0.458977
-0.056962
0.979604
-0.140374
0.186799
0.561650
-1.022291
0.352185
0.058011
0.317057
-0.283928
-0.366185
0.784023
0.187860
0.437701
-0.279050
0.305407
0.766533
-0.312620
0.406749
0.879760
-0.263336
-0.561209
0.906236
-0.725588
-0.086249
0.233107
0.750366
0.530687
-0.533442
0.024466
0.298895
0.016753
0.741017
0.696847
0.762855
-0.334780
-0.042445
-0.318413
-0.314635
-0.393131
-0.511572
0.436253
0.188139
0.155173
0.360121
0.577240
-0.344608
0.126359
-0.229462
-0.290762
0.058852
0.378124
0.077716
-0.307283
0.871685
-0.362781
-0.286478
0.036846
-0.090121
0.141222
0.579499
0.028681
0.289714
0.921978
0.372865
-0.037248
0.008905
0.333187
-0.025655
0.351929
0.138562
-0.040216
-0.406135
0.904125
-0.453875
-0.383705
-0.538857
0.734386
-0.498356
0.226955
-0.118616
0.508478
0.035067
0.284971
-0.348023
0.454447
-0.071917
0.711291
-0.454878
0.979355
-0.335265
0.022377
0.349833
0.366041
0.518987
0.638056
-0.063489
-0.364596
0.160017
-0.345859
0.226612
0.444173
-0.345850
-0.270906
-0.188864
-0.705211
0.235578
-0.109987
-0.571399
0.271598
0.100967
0.165192
-0.033327
0.281365
-0.518444
-0.141283
-0.753815
0.409130
-0.716652
0.402181
0.050539
-0.517970
0.118597
1.030705
-0.327788
0.149502
0.958331
0.157257
0.396488
-0.053643
-0.029775
0.224697
0.512064
0.127080
0.410713
0.154507
-0.191914
0.167229
0.242284
-0.134802
0.398100
0.025418
0.707148
-0.410846
0.405019
-0.306882
0.434692
0.042969
-0.041574
-0.035390
0.385364
-0.189656
-0.083572
0.095440
0.379015
0.263214
-0.364916
0.603000
-0.147697
-0.078789
0.246330
-0.511757
0.381605
0.092885
-0.197645
-0.168186
-0.174373
-0.383961
-1.109733
0.324580
0.259989
0.815131
0.211720
1.035368
0.079101
0.108949
0.175460
-0.687477
-0.707887
0.053407
0.227143
-0.371396
0.191385
-0.412767
-0.282611
0.119634
-0.170457
-0.134638
-0.462241
0.130854
0.167483
0.324555
0.813636
0.328754
-0.286862
-0.375739
-0.289748
-0.772044
0.761799
-0.016909
-0.814994
0.452904
0.155385
-0.354174
-0.677393
0.162406
-0.223627
0.522167
-0.542600
0.386843
0.076710
-0.316190
0.688191
0.368278
0.522521
0.071900
-0.532582
0.250765
-0.025760
-0.178478
0.374694
0.038172
0.527887
0.262848
0.197345
-0.155679
0.085841
-0.277084
-0.381040
0.732295
-0.045962
-0.023007
-0.100966
-0.255039
0.277530
-0.342703
0.234168
-0.343270
-0.319210
0.088468
0.780963
0.555300
0.036390
0.500168
-0.777060
0.472946
-0.204675
-0.268578
0.002371
-0.200902
0.037394
0.965825
0.103241
0.182789
0.420923
0.167366
0.377914
-0.019269
0.145581
0.241489
0.168271
0.082238
-0.253536
0.089227
0.051265
0.341482
0.028186
-0.126530
0.434176
0.029411
-0.541656
0.112733
0.119917
0.033282
0.292141
-0.609736
0.382795
0.517501
0.222611
-0.562268
0.080503
0.104856
0.543103
0.347405
-0.078817
0.287090
0.258273
-0.536514
0.815334
0.651591
0.536327
-0.676200
0.080723
0.146808
-0.267218
-0.878805
0.029805
-0.217689
-0.073086
-0.260543
-0.250309
0.562068
-0.073225
0.536156
0.331178
-0.107671
0.354805
-0.072985
0.774580
0.411821
0.052882
0.288535
-1.068281
-0.325621
-0.710021
-0.391656
0.778314
-0.528804
0.181955
0.315092
0.623904
0.385878
-0.057628
-0.628031
0.016648
-0.904105
0.326164
0.154152
-0.630413
-0.164855
0.048697
0.278097
-0.305324
0.225250
-0.158293
0.633117
-0.275655
0.089322
-0.076446
0.022011
-0.212982
0.303408
0.442546
-0.041254
-0.380097
0.169065
-0.165920
0.290317
0.537759
0.681994
0.044388
0.202753
0.526734
-0.493657
0.138767
-0.607508
0.063225
0.341869
-0.012624
-0.265396
0.818512
-1.279631
0.232644
-0.027626
-0.295715
0.540570
-0.793683
-0.021358
0.494561
0.313416
-0.205722
0.509716
-0.794717
0.395559
0.035883
0.026194
0.114181
0.337558
-0.279590
0.392066
-0.361414
-0.486919
0.546090
-0.059180
1.050862
-0.312113
0.671615
-0.507105
0.331038
-0.314512
0.197201
0.207334
-0.319018
0.520569
0.257243
0.203489
-0.389726
-0.488039
0.029519
0.097129
0.288769
0.174606
0.357075
-0.429860
0.781733
0.197466
0.261608
-0.601995
0.456870
0.555515
0.408985
-0.338277
0.376561
-0.444705
0.009556
-0.059171
-0.094599
0.493004
-0.154214
0.123231
0.047613
0.073936
0.254800
-0.937406
0.108359
0.172561
-0.451073
0.353729
0.443546
-0.154011
-1.190172
0.652262
-0.533018
-0.338200
0.051823
-0.451453
1.018221
-0.303776
-0.638588
0.825181
0.334538
0.290230
-1.089662
-0.091890
0.131510
0.102353
0.678982
1.278475
0.628607
-0.263410
0.263162
-0.168841
-0.021005
0.238427
0.357527
-0.370439
-0.525935
0.586526
-0.475544
-1.118059
-0.494809
-0.138112
0.003792
0.368902
0.030947
0.608611
0.556143
-0.550791
-0.155606
-0.048822
0.059731
0.106338
-0.157212
0.241552
-0.523864
0.106032
0.705338
0.392532
0.649536
0.708553
1.205924
-0.240897
-0.494885
-0.239301
0.736426
0.985544
0.249611
-0.247727
0.372635
-1.518716
0.532077
-0.223946
0.025490
0.237966
-1.000697
0.578879
0.178864
0.740535
0.464240
0.164600
-0.112187
0.738431
0.275163
0.377783
-0.394927
-0.307839
0.428641
0.941622
0.210993
-0.265329
-0.087180
-0.284466
0.332676
-0.363677
0.185988
-1.016009
1.101426
-0.969440
0.679768
-0.808561
-0.656206
0.459056
0.140727
-0.726347
0.307150
0.288725
-0.580117
-0.302929
0.065700
-0.968729
0.560244
-0.660465
0.971611
-0.505532
-0.002989
-0.831819
-0.464776
0.724369
0.433543
0.257869
-1.005709
0.516122
0.280582
-0.347598
0.856997
-0.258374
0.179303
0.193439
-0.897996
-0.940207
-0.933401
-0.299562
-0.112439
-0.131116
0.666379
-0.139451
0.417746
1.468508
0.458236
0.653412
-0.671951
-0.641772
0.335520
-0.948623
0.033964
0.086003
1.019642
-0.500816
-0.482106
0.453642
-0.611696
0.005360
0.948710
0.186786
-0.073667
0.418055
0.608363
0.354064
-0.357481
-0.641253
0.234255
0.490997
0.528516
-0.313326
0.539002
-0.307263
0.492607
-0.750016
-1.224307
-0.411534
0.084978
-0.039378
-0.761765
-0.858558
-0.140070
-0.976774
1.014868
0.498910
-0.124204
0.029417
0.031226
0.671967
-0.377035
-0.806281
-0.874096
-0.515340
-0.311857
1.089141
0.045512
0.562137
0.617779
-1.087891
0.060455
1.218700
-0.499702
0.239588
0.039668
-1.030954
1.176051
-0.818487
0.501692
0.747399
-0.169390
0.790695
-0.296089
0.029103
-0.073260
0.944889
-0.353269
0.746628
0.566748
1.182728
-0.478280
-0.318676
-0.304917
-0.445607
-0.350311
-0.156006
0.471088
-0.205926
0.992549
-0.330872
-0.428919
0.324198
-0.413691
-1.128359
0.541940
-0.750605
1.187369
-0.273924
0.458891
-0.153823
0.196240
-0.217535
0.349751
-0.957229
-0.686602
0.286848
1.097064
-0.635967
0.079404
0.168034
-0.155121
-0.640239
0.765991
-0.286794
0.677182
0.866148
-0.190079
0.261557
0.241496
0.192292
0.296120
0.627720
0.195492
0.056729
0.290455
0.023071
-0.238692
-0.160284
-0.202974
0.394526
0.484251
0.057103
0.337944
0.834496
-0.895980
0.674931
-0.229795
-0.495843
0.071707
0.291297
0.193792
-0.010521
0.306333
0.503288
-0.761750
0.025934
0.031358
0.116183
0.375215
-0.117477
-0.065794
0.519602
0.275681
-0.139770
-0.575256
0.188289
-0.340167
0.205687
-0.000119
0.246474
-0.411833
0.325050
0.202454
-0.077496
-0.302280
0.802917
-0.051308
0.553807
0.131383
0.045478
-0.229519
0.329827
0.470797
0.235160
-0.067548
0.332859
-0.632651
0.375425
-0.109984
0.307996
0.301598
-0.151273
0.548398
-0.326614
0.120204
-0.372062
-0.195998
-0.322688
0.026932
0.716770
-0.011809
-0.102240
0.678467
-0.206221
-0.219124
0.181562
-0.134601
0.106986
-0.596004
-0.355593
0.512465
0.017839
-0.205495
0.614243
-0.567219
0.892895
0.224341
-0.115567
-0.280186
-0.288890
0.072998
0.571002
-0.078643
0.625468
0.667438
-0.176413
-0.440424
-0.213402
0.100515
0.209316
0.620512
-0.109812
0.875878
-0.071949
0.405478
-0.563316
0.893967
-0.613632
0.317382
-0.134515
0.077668
0.098548
-0.097362
0.021223
0.443112
-0.380893
0.538935
0.508323
0.090794
-0.465989
-0.015781
0.029433
0.894690
0.272453
-0.290491
0.125085
0.046829
0.110812
0.042807
0.192953
0.290024
-0.654780
-0.005471
-0.164516
-0.473660
-0.384429
-0.076967
-0.116920
0.320672
0.309206
0.229710
0.674553
0.010867
0.001040
0.218995
-0.807589
-0.223386
-0.089736
0.370398
-0.530379
0.259682
0.069492
-0.121198
-0.554232
-0.129516
0.254477
-0.058785
0.077197
0.156320
0.693306
0.710387
-0.089580
-0.247260
0.025069
-0.236562
-0.460401
0.810322
0.071086
-0.463210
0.044178
0.473378
-0.309796
-0.414846
0.634944
-0.297593
0.847205
-0.680615
0.641672
0.036783
-0.018327
0.535244
0.884183
0.233094
0.202424
-0.370763
0.236285
0.128522
0.120017
-0.041973
0.207777
0.812912
0.431318
-0.327075
-0.271082
-0.169569
-0.262724
0.093915
0.401791
-0.237331
-0.527714
-0.375025
-0.679088
0.301999
0.125841
-0.100799
-0.127639
-0.756644
-0.273877
0.811358
-0.040819
-0.378909
0.155122
-0.984519
0.817734
-0.533028
0.091015
0.024398
-0.304653
-0.004227
0.693036
0.359538
0.364450
0.222302
0.012637
-0.039090
-0.167205
0.331464
0.715434
0.173243
-0.058623
-0.153991
-0.161521
-0.435515
-0.054384
0.343803
0.232386
0.536150
0.122009
-0.305566
-0.322759
-0.372270
0.240277
0.000334
-0.179947
0.512156
0.575515
-0.035129
-0.731233
-0.131350
0.120358
-0.171245
-0.337282
-0.369663
1.096599
0.024554
-0.855659
0.360777
0.595003
0.077269
-0.231417
0.057380
-0.699556
-0.474922
-1.102517
-0.841470
0.197656
0.019739
-0.069318
0.119265
1.294846
-1.028984
1.088536
0.224813
-0.834415
-0.040735
0.281532
0.499484
0.284738
0.112218
-0.641602
-0.587034
-0.544088
-1.540014
0.463016
-0.073251
0.507580
0.681317
0.222055
1.252195
-0.535457
-0.724109
0.148741
-0.257210
-0.689359
0.552029
0.651839
0.057638
-0.173184
0.851053
-0.438309
0.437320
-0.282519
-0.946679
-0.467772
-0.607654
0.166684
-0.847302
-0.507535
-0.429814
1.191565
-0.383238
0.122589
-0.885854
1.002842
0.768752
0.077923
-0.635589
-0.602119
1.358838
0.367479
1.144379
-0.497848
-0.035191
-0.706297
0.653848
0.881416
0.816478
0.265966
0.830869
-0.570346
0.383336
-0.438433
0.417410
0.016353
-0.098368
-0.714357
0.286896
-0.439474
-0.758743
0.481863
0.067962
-0.304601
0.249017
-0.560470
-0.714423
-0.671330
-0.670168
-0.048445
0.332616
-0.219626
0.630198
-0.871095
-0.352776
0.991655
0.808970
-0.940352
0.958342
0.232525
-0.686415
0.305536
0.261667
-0.394782
-0.191868
0.201949
-0.279323
0.550403
-0.657317
-0.229932
-0.244008
-0.256003
1.194859
0.154582
1.379184
-0.141066
0.554806
0.145860
-0.564217
0.155914
0.561155
0.237780
-0.380887
0.877732
-0.843570
0.782881
0.156228
1.133051
1.469738
-1.133759
-0.413501
0.373214
-0.964711
-0.658082
0.386375
-0.454410
-0.052793
1.115055
-0.261384
0.773719
-1.068779
1.539610
-0.124543
-0.011365
0.555652
-0.897420
1.013736
0.588716
-0.461241
-0.591291
-0.958024
0.193574
-0.821168
-0.028450
0.181415
-0.625142
-0.867929
1.234805
1.274907
0.130853
0.896750
-0.664644
0.762972
0.998339
-0.657541
-0.172595
0.220879
0.082807
0.922754
-0.323508
-0.709383
0.855585
-0.856871
1.162718
0.245706
0.157723
-0.372797
-0.150033
0.673141
0.059768
-0.003519
-0.362952
-0.552144
-0.320202
-0.356041
0.114622
0.344902
-0.282190
0.720077
0.773174
-0.184014
0.491733
0.050045
-0.902493
-0.290149
0.192527
0.299526
1.115950
-0.667059
-0.832741
-0.708427
-0.555633
0.386050
0.676767
-0.545081
0.229344
0.048953
-0.312375
-0.651731
-0.041495
-0.020814
1.248139
-0.808512
0.382355
0.747446
-0.361311
-0.774855
-0.493989
-0.342911
-0.453074
-0.212643
-0.510220
1.153246
0.486956
0.782790
0.352414
0.282707
-1.289657
0.683605
0.131611
-0.537591
1.135753
-0.436713
1.057603
1.010451
-0.380231
0.769741
-0.449760
-0.375945
-0.830953
-0.607839
0.030282
-0.095040
0.664728
0.098398
0.282652
-0.062938
0.456554
0.771559
0.179651
-0.723134
0.040123
0.309815
0.534300
1.105456
0.540401
0.890736
-0.227804
-0.021386
0.288049
-0.250831
-0.928690
-0.336278
-0.240845
0.477233
-0.236503
-0.207975
0.730306
-0.385554
-0.025800
0.646254
-0.724428
-0.162939
-0.263031
0.015628
0.049879
0.575076
-0.146594
-0.291298
-0.170000
-0.455691
-0.253845
0.124310
1.081716
-0.205346
0.417504
-0.376430
0.261939
-0.444651
0.211644
-0.031673
-0.071299
0.734484
0.011806
-0.053496
0.242911
-0.022778
-0.263149
0.343743
0.577017
-0.413686
-0.177696
-0.426905
0.917947
0.007416
0.264123
0.340144
0.219296
0.233440
0.485170
-0.250528
0.740825
-0.131730
-0.178696
0.203038
-0.422705
0.863181
0.453695
0.147293
0.216422
0.114442
-0.579201
0.717901
0.554427
-0.264853
-0.022508
0.399849
-1.076556
-0.035645
-0.195270
-0.615178
0.469833
-0.407485
-0.442044
0.426741
0.002034
-0.182303
0.123085
-0.862110
0.473470
0.138221
-0.288719
-0.844998
0.779885
-0.013148
0.232709
0.054549
-0.278275
0.138028
-0.116917
0.673581
-0.081523
-0.095875
0.194886
-0.146312
-0.408001
-0.398371
-0.247790
-0.085467
0.058650
-0.289048
-0.075012
0.270586
-0.289485
-0.328781
-0.620546
-0.187660
-0.843362
0.448234
-0.176062
0.202284
0.656095
0.226508
-0.497909
-0.326123
-0.227563
0.006885
